<?xml version='1.0' encoding='UTF-8'?>
<testsuite hostname="Jialis-MBP.wavecable.com" name="edu.neu.coe.csye7200.asstwc.MonadOpsSpec" tests="21" errors="0" failures="1" skipped="0" time="0.232" timestamp="2021-03-04T07:41:07">
                     <properties>
[...]
</properties>
                     <testcase classname="edu.neu.coe.csye7200.asstwc.MonadOpsSpec" name="LiftFuture should work" time="0.093">
                                                 
                                               </testcase><testcase classname="edu.neu.coe.csye7200.asstwc.MonadOpsSpec" name="AsFuture should work" time="0.006">
                                                 
                                               </testcase><testcase classname="edu.neu.coe.csye7200.asstwc.MonadOpsSpec" name="SequenceForgivingWithLogging should work" time="0.024">
                                                 
                                               </testcase><testcase classname="edu.neu.coe.csye7200.asstwc.MonadOpsSpec" name="SequenceWithLogging should work" time="0.023">
                                                 
                                               </testcase><testcase classname="edu.neu.coe.csye7200.asstwc.MonadOpsSpec" name="SequenceForgiving should work" time="0.003">
                                                 
                                               </testcase><testcase classname="edu.neu.coe.csye7200.asstwc.MonadOpsSpec" name="LiftTry should work" time="0.021">
                                                 
                                               </testcase><testcase classname="edu.neu.coe.csye7200.asstwc.MonadOpsSpec" name="zip(Option,Option) should succeed" time="0.009">
                                                 
                                               </testcase><testcase classname="edu.neu.coe.csye7200.asstwc.MonadOpsSpec" name="zip(Try,Try) should succeed" time="0.003">
                                                 
                                               </testcase><testcase classname="edu.neu.coe.csye7200.asstwc.MonadOpsSpec" name="zip(Future,Future) should succeed" time="0.009">
                                                 
                                               </testcase><testcase classname="edu.neu.coe.csye7200.asstwc.MonadOpsSpec" name="OptionToTry should work1" time="0.004">
                                                 
                                               </testcase><testcase classname="edu.neu.coe.csye7200.asstwc.MonadOpsSpec" name="OptionToTry should work2" time="0.003">
                                                 
                                               </testcase><testcase classname="edu.neu.coe.csye7200.asstwc.MonadOpsSpec" name="Sequence should work1" time="0.001">
                                                 
                                               </testcase><testcase classname="edu.neu.coe.csye7200.asstwc.MonadOpsSpec" name="Sequence should work2" time="0.001">
                                                 
                                               </testcase><testcase classname="edu.neu.coe.csye7200.asstwc.MonadOpsSpec" name="Sequence should work3" time="0.002">
                                                 
                                               </testcase><testcase classname="edu.neu.coe.csye7200.asstwc.MonadOpsSpec" name="Sequence should work4" time="0.012">
                                                 
                                               </testcase><testcase classname="edu.neu.coe.csye7200.asstwc.MonadOpsSpec" name="Sequence should work5" time="0.005">
                                                 <failure message="an implementation is missing" type="scala.NotImplementedError">scala.NotImplementedError: an implementation is missing
	at scala.Predef$.$qmark$qmark$qmark(Predef.scala:345)
	at edu.neu.coe.csye7200.asstwc.MonadOps$.sequence(MonadOps.scala:92)
	at edu.neu.coe.csye7200.asstwc.MonadOpsSpec.$anonfun$new$34(MonadOpsSpec.scala:125)
	at org.scalatest.OutcomeOf.outcomeOf(OutcomeOf.scala:85)
	at org.scalatest.OutcomeOf.outcomeOf$(OutcomeOf.scala:83)
	at org.scalatest.OutcomeOf$.outcomeOf(OutcomeOf.scala:104)
	at org.scalatest.Transformer.apply(Transformer.scala:22)
	at org.scalatest.Transformer.apply(Transformer.scala:20)
	at org.scalatest.flatspec.AnyFlatSpecLike$$anon$5.apply(AnyFlatSpecLike.scala:1683)
	at org.scalatest.TestSuite.withFixture(TestSuite.scala:196)
	at org.scalatest.TestSuite.withFixture$(TestSuite.scala:195)
	at org.scalatest.flatspec.AnyFlatSpec.withFixture(AnyFlatSpec.scala:1685)
	at org.scalatest.flatspec.AnyFlatSpecLike.invokeWithFixture$1(AnyFlatSpecLike.scala:1681)
	at org.scalatest.flatspec.AnyFlatSpecLike.$anonfun$runTest$1(AnyFlatSpecLike.scala:1693)
	at org.scalatest.SuperEngine.runTestImpl(Engine.scala:306)
	at org.scalatest.flatspec.AnyFlatSpecLike.runTest(AnyFlatSpecLike.scala:1693)
	at org.scalatest.flatspec.AnyFlatSpecLike.runTest$(AnyFlatSpecLike.scala:1675)
	at org.scalatest.flatspec.AnyFlatSpec.runTest(AnyFlatSpec.scala:1685)
	at org.scalatest.flatspec.AnyFlatSpecLike.$anonfun$runTests$1(AnyFlatSpecLike.scala:1751)
	at org.scalatest.SuperEngine.$anonfun$runTestsInBranch$1(Engine.scala:413)
	at scala.collection.immutable.List.foreach(List.scala:333)
	at org.scalatest.SuperEngine.traverseSubNodes$1(Engine.scala:401)
	at org.scalatest.SuperEngine.runTestsInBranch(Engine.scala:390)
	at org.scalatest.SuperEngine.$anonfun$runTestsInBranch$1(Engine.scala:427)
	at scala.collection.immutable.List.foreach(List.scala:333)
	at org.scalatest.SuperEngine.traverseSubNodes$1(Engine.scala:401)
	at org.scalatest.SuperEngine.runTestsInBranch(Engine.scala:396)
	at org.scalatest.SuperEngine.runTestsImpl(Engine.scala:475)
	at org.scalatest.flatspec.AnyFlatSpecLike.runTests(AnyFlatSpecLike.scala:1751)
	at org.scalatest.flatspec.AnyFlatSpecLike.runTests$(AnyFlatSpecLike.scala:1750)
	at org.scalatest.flatspec.AnyFlatSpec.runTests(AnyFlatSpec.scala:1685)
	at org.scalatest.Suite.run(Suite.scala:1112)
	at org.scalatest.Suite.run$(Suite.scala:1094)
	at org.scalatest.flatspec.AnyFlatSpec.org$scalatest$flatspec$AnyFlatSpecLike$$super$run(AnyFlatSpec.scala:1685)
	at org.scalatest.flatspec.AnyFlatSpecLike.$anonfun$run$1(AnyFlatSpecLike.scala:1796)
	at org.scalatest.SuperEngine.runImpl(Engine.scala:535)
	at org.scalatest.flatspec.AnyFlatSpecLike.run(AnyFlatSpecLike.scala:1796)
	at org.scalatest.flatspec.AnyFlatSpecLike.run$(AnyFlatSpecLike.scala:1794)
	at org.scalatest.flatspec.AnyFlatSpec.run(AnyFlatSpec.scala:1685)
	at org.scalatest.tools.Framework.org$scalatest$tools$Framework$$runSuite(Framework.scala:318)
	at org.scalatest.tools.Framework$ScalaTestTask.execute(Framework.scala:513)
	at sbt.TestRunner.runTest$1(TestFramework.scala:139)
	at sbt.TestRunner.run(TestFramework.scala:154)
	at sbt.TestFramework$$anon$3$$anonfun$$lessinit$greater$1.$anonfun$apply$1(TestFramework.scala:317)
	at sbt.TestFramework$.sbt$TestFramework$$withContextLoader(TestFramework.scala:277)
	at sbt.TestFramework$$anon$3$$anonfun$$lessinit$greater$1.apply(TestFramework.scala:317)
	at sbt.TestFramework$$anon$3$$anonfun$$lessinit$greater$1.apply(TestFramework.scala:317)
	at sbt.TestFunction.apply(TestFramework.scala:329)
	at sbt.Tests$.$anonfun$toTask$1(Tests.scala:311)
	at sbt.std.Transform$$anon$3.$anonfun$apply$2(Transform.scala:46)
	at sbt.std.Transform$$anon$4.work(Transform.scala:67)
	at sbt.Execute.$anonfun$submit$2(Execute.scala:281)
	at sbt.internal.util.ErrorHandling$.wideConvert(ErrorHandling.scala:19)
	at sbt.Execute.work(Execute.scala:290)
	at sbt.Execute.$anonfun$submit$1(Execute.scala:281)
	at sbt.ConcurrentRestrictions$$anon$4.$anonfun$submitValid$1(ConcurrentRestrictions.scala:178)
	at sbt.CompletionService$$anon$2.call(CompletionService.scala:37)
	at java.util.concurrent.FutureTask.run(FutureTask.java:266)
	at java.util.concurrent.Executors$RunnableAdapter.call(Executors.java:511)
	at java.util.concurrent.FutureTask.run(FutureTask.java:266)
	at java.util.concurrent.ThreadPoolExecutor.runWorker(ThreadPoolExecutor.java:1149)
	at java.util.concurrent.ThreadPoolExecutor$Worker.run(ThreadPoolExecutor.java:624)
	at java.lang.Thread.run(Thread.java:748)
</failure>
                                               </testcase><testcase classname="edu.neu.coe.csye7200.asstwc.MonadOpsSpec" name="LiftOption should work" time="0.002">
                                                 
                                               </testcase><testcase classname="edu.neu.coe.csye7200.asstwc.MonadOpsSpec" name="Map2 should work" time="0.002">
                                                 
                                               </testcase><testcase classname="edu.neu.coe.csye7200.asstwc.MonadOpsSpec" name="Flatten should work1" time="0.002">
                                                 
                                               </testcase><testcase classname="edu.neu.coe.csye7200.asstwc.MonadOpsSpec" name="Flatten should work2" time="0.003">
                                                 
                                               </testcase><testcase classname="edu.neu.coe.csye7200.asstwc.MonadOpsSpec" name="Flatten should work3" time="0.004">
                                                 
                                               </testcase>
                     <system-out><![CDATA[]]></system-out>
                     <system-err><![CDATA[]]></system-err>
                   </testsuite>